E:\OPENCV\TESTAPP\PROJECTS\PRAVEKSHAUI\PRAVEKSHAUI\DEBUG\CALLIBRATOR.OBJ
E:\OpenCV\testapp\Projects\PravekshaUI\PravekshaUI\Debug\cl.command.1.tlog
E:\OpenCV\testapp\Projects\PravekshaUI\PravekshaUI\Debug\CL.read.1.tlog
E:\OpenCV\testapp\Projects\PravekshaUI\PravekshaUI\Debug\CL.write.1.tlog
E:\OpenCV\testapp\Projects\PravekshaUI\PravekshaUI\Debug\custombuild.command.1.tlog
E:\OpenCV\testapp\Projects\PravekshaUI\PravekshaUI\Debug\custombuild.read.1.tlog
E:\OpenCV\testapp\Projects\PravekshaUI\PravekshaUI\Debug\custombuild.write.1.tlog
E:\OPENCV\TESTAPP\PROJECTS\PRAVEKSHAUI\PRAVEKSHAUI\DEBUG\DATABASEHANDLER.OBJ
E:\OpenCV\testapp\Projects\PravekshaUI\PravekshaUI\Debug\link.command.1.tlog
E:\OpenCV\testapp\Projects\PravekshaUI\PravekshaUI\Debug\link.read.1.tlog
E:\OpenCV\testapp\Projects\PravekshaUI\PravekshaUI\Debug\link.write.1.tlog
E:\OPENCV\TESTAPP\PROJECTS\PRAVEKSHAUI\PRAVEKSHAUI\DEBUG\LOGGER.OBJ
E:\OPENCV\TESTAPP\PROJECTS\PRAVEKSHAUI\PRAVEKSHAUI\DEBUG\MAIN.OBJ
E:\OPENCV\TESTAPP\PROJECTS\PRAVEKSHAUI\PRAVEKSHAUI\DEBUG\MAPPER.OBJ
E:\OPENCV\TESTAPP\PROJECTS\PRAVEKSHAUI\PRAVEKSHAUI\DEBUG\MOC_PRAVEKSHA.OBJ
E:\OPENCV\TESTAPP\PROJECTS\PRAVEKSHAUI\PRAVEKSHAUI\DEBUG\MOC_PRAVEKSHAUI.OBJ
E:\OPENCV\TESTAPP\PROJECTS\PRAVEKSHAUI\PRAVEKSHAUI\DEBUG\PRAVEKSHAHANDLER.OBJ
E:\OpenCV\testapp\Projects\PravekshaUI\PravekshaUI\Debug\PravekshaUI.exe.intermediate.manifest
E:\OPENCV\TESTAPP\PROJECTS\PRAVEKSHAUI\PRAVEKSHAUI\DEBUG\PRAVEKSHAUI.OBJ
E:\OPENCV\TESTAPP\PROJECTS\PRAVEKSHAUI\PRAVEKSHAUI\DEBUG\QRC_PRAVEKSHAUI.OBJ
E:\OPENCV\TESTAPP\PROJECTS\PRAVEKSHAUI\PRAVEKSHAUI\DEBUG\RULEHANDLER.OBJ
E:\OPENCV\TESTAPP\PROJECTS\PRAVEKSHAUI\PRAVEKSHAUI\DEBUG\SPEEDDETECTOR.OBJ
E:\OPENCV\TESTAPP\PROJECTS\PRAVEKSHAUI\PRAVEKSHAUI\DEBUG\VC100.PDB
E:\OPENCV\TESTAPP\PROJECTS\PRAVEKSHAUI\PRAVEKSHAUI\DEBUG\VEHICLEIDENTIFIER.OBJ
E:\OPENCV\TESTAPP\PROJECTS\PRAVEKSHAUI\PRAVEKSHAUI\DEBUG\VEHICLETRACKERCLASS.OBJ
E:\OPENCV\TESTAPP\PROJECTS\PRAVEKSHAUI\PRAVEKSHAUI\DEBUG\WHITELINEDETECTOR.OBJ
E:\OPENCV\TESTAPP\PROJECTS\PRAVEKSHAUI\PRAVEKSHAUI\DEBUG\WRONGLANEDETECTOR.OBJ
E:\OPENCV\TESTAPP\PROJECTS\PRAVEKSHAUI\PRAVEKSHAUI\GENERATEDFILES\DEBUG\MOC_PRAVEKSHA.CPP
E:\OPENCV\TESTAPP\PROJECTS\PRAVEKSHAUI\PRAVEKSHAUI\GENERATEDFILES\DEBUG\MOC_PRAVEKSHAUI.CPP
E:\OPENCV\TESTAPP\PROJECTS\PRAVEKSHAUI\PRAVEKSHAUI\GENERATEDFILES\QRC_PRAVEKSHAUI.CPP
E:\OPENCV\TESTAPP\PROJECTS\PRAVEKSHAUI\PRAVEKSHAUI\GENERATEDFILES\UI_PRAVEKSHAUI.H
E:\OpenCV\testapp\Projects\PravekshaUI\Win32\Debug\PravekshaUI.pdb
