Build started 29/11/2013 10:02:04 PM.
     1>Project "C:\Users\Jayamal De Vas\Documents\Visual Studio 2010\Projects\PravekshaUI\PravekshaUI\PravekshaUI.vcxproj" on node 2 (build target(s)).
     1>InitializeBuildStatus:
         Creating "Debug\PravekshaUI.unsuccessfulbuild" because "AlwaysCreate" was specified.
       CustomBuild:
         All outputs are up-to-date.
       ClCompile:
         C:\Program Files (x86)\Microsoft Visual Studio 10.0\VC\bin\CL.exe /c /IF:\UoM\Campus\L4\FYP\OpenCV\Opencv\code\opencv\include /I.\GeneratedFiles /I. /IC:\Qt\4.8.2\include /I.\GeneratedFiles\Debug /IC:\Qt\4.8.2\include\QtCore /IC:\Qt\4.8.2\include\QtGui /IC:\Qt\4.8.2\include\QtSql /IF:\UoM\Campus\L4\FYP\Source\opencv\include /IF:\UoM\Campus\L4\FYP\Source\SQlite /Zi /nologo /W1 /WX- /Od /Oy- /D UNICODE /D WIN32 /D QT_LARGEFILE_SUPPORT /D QT_DLL /D QT_CORE_LIB /D QT_GUI_LIB /D QT_SQL_LIB /Gm- /EHsc /MDd /GS /fp:precise /Zc:wchar_t- /Zc:forScope /Fo"Debug\\" /Fd"Debug\vc100.pdb" /Gd /TP /analyze- /errorReport:prompt PravekshaHandler.cpp VehicleIdentifier.cpp
         PravekshaHandler.cpp
     1>c:\users\jayamal de vas\documents\visual studio 2010\projects\pravekshaui\pravekshaui\Praveksha.h(57): warning C4091: 'static ' : ignored on left of 'VariableStorage' when no variable is declared
         VehicleIdentifier.cpp
     1>c:\users\jayamal de vas\documents\visual studio 2010\projects\pravekshaui\pravekshaui\Praveksha.h(57): warning C4091: 'static ' : ignored on left of 'VariableStorage' when no variable is declared
         Generating Code...
         All outputs are up-to-date.
       Link:
         C:\Program Files (x86)\Microsoft Visual Studio 10.0\VC\bin\link.exe /ERRORREPORT:PROMPT /OUT:"C:\Users\Jayamal De Vas\Documents\Visual Studio 2010\Projects\PravekshaUI\Win32\Debug\\PravekshaUI.exe" /NOLOGO /LIBPATH:C:\Qt\4.8.2\lib /LIBPATH:D:\opencv\lib\Debug /LIBPATH:F:\UoM\Campus\L4\FYP\Source\SQlite qtmaind.lib QtCored4.lib QtGuid4.lib QtSqld4.lib opencv_calib3d243d.lib opencv_contrib243d.lib opencv_core243d.lib opencv_features2d243d.lib opencv_flann243d.lib opencv_gpu243d.lib opencv_highgui243d.lib opencv_imgproc243d.lib opencv_legacy243d.lib opencv_ml243d.lib opencv_nonfree243d.lib opencv_objdetect243d.lib opencv_photo243d.lib opencv_stitching243d.lib opencv_ts243d.lib opencv_video243d.lib opencv_videostab243d.lib opencv_haartraining_engined.lib sqlite3.lib kernel32.lib user32.lib gdi32.lib winspool.lib comdlg32.lib advapi32.lib shell32.lib ole32.lib oleaut32.lib uuid.lib odbc32.lib odbccp32.lib /MANIFEST /ManifestFile:"Debug\PravekshaUI.exe.intermediate.manifest" /MANIFESTUAC:"level='asInvoker' uiAccess='false'" /DEBUG /PDB:"C:\Users\Jayamal De Vas\Documents\Visual Studio 2010\Projects\PravekshaUI\Win32\Debug\PravekshaUI.pdb" /SUBSYSTEM:WINDOWS /TLBID:1 /DYNAMICBASE /NXCOMPAT /IMPLIB:"C:\Users\Jayamal De Vas\Documents\Visual Studio 2010\Projects\PravekshaUI\Win32\Debug\PravekshaUI.lib" /MACHINE:X86 Debug\WhiteLineDetector.obj
         Debug\Callibrator.obj
         Debug\DatabaseHandler.obj
         Debug\moc_Praveksha.obj
         Debug\moc_pravekshaui.obj
         Debug\qrc_pravekshaui.obj
         Debug\Logger.obj
         Debug\main.obj
         Debug\Mapper.obj
         Debug\PravekshaHandler.obj
         Debug\pravekshaui.obj
         Debug\RuleHandler.obj
         Debug\SpeedDetector.obj
         Debug\VehicleIdentifier.obj
         Debug\VehicleTrackerClass.obj
         Debug\WrongLaneDetector.obj
         LINK : C:\Users\Jayamal De Vas\Documents\Visual Studio 2010\Projects\PravekshaUI\Win32\Debug\\PravekshaUI.exe not found or not built by the last incremental link; performing full link
         PravekshaUI.vcxproj -> C:\Users\Jayamal De Vas\Documents\Visual Studio 2010\Projects\PravekshaUI\Win32\Debug\PravekshaUI.exe
       Manifest:
         C:\Program Files (x86)\Microsoft SDKs\Windows\v7.0A\bin\mt.exe /nologo /verbose /outputresource:"C:\Users\Jayamal De Vas\Documents\Visual Studio 2010\Projects\PravekshaUI\Win32\Debug\\PravekshaUI.exe;#1" /manifest Debug\PravekshaUI.exe.intermediate.manifest
       FinalizeBuildStatus:
         Deleting file "Debug\PravekshaUI.unsuccessfulbuild".
         Touching "Debug\PravekshaUI.lastbuildstate".
     1>Done Building Project "C:\Users\Jayamal De Vas\Documents\Visual Studio 2010\Projects\PravekshaUI\PravekshaUI\PravekshaUI.vcxproj" (build target(s)).

Build succeeded.

Time Elapsed 00:00:07.75
