C:\USERS\JAYAMAL DE VAS\DOCUMENTS\VISUAL STUDIO 2010\PROJECTS\PRAVEKSHAUI\PRAVEKSHAUI\GENERATEDFILES\QRC_PRAVEKSHAUI.CPP
C:\USERS\JAYAMAL DE VAS\DOCUMENTS\VISUAL STUDIO 2010\PROJECTS\PRAVEKSHAUI\PRAVEKSHAUI\GENERATEDFILES\RELEASE\MOC_PRAVEKSHA.CPP
C:\USERS\JAYAMAL DE VAS\DOCUMENTS\VISUAL STUDIO 2010\PROJECTS\PRAVEKSHAUI\PRAVEKSHAUI\GENERATEDFILES\RELEASE\MOC_PRAVEKSHAUI.CPP
C:\USERS\JAYAMAL DE VAS\DOCUMENTS\VISUAL STUDIO 2010\PROJECTS\PRAVEKSHAUI\PRAVEKSHAUI\GENERATEDFILES\UI_PRAVEKSHAUI.H
C:\USERS\JAYAMAL DE VAS\DOCUMENTS\VISUAL STUDIO 2010\PROJECTS\PRAVEKSHAUI\PRAVEKSHAUI\RELEASE\CALLIBRATOR.OBJ
C:\Users\Jayamal De Vas\Documents\Visual Studio 2010\Projects\PravekshaUI\PravekshaUI\Release\cl.command.1.tlog
C:\Users\Jayamal De Vas\Documents\Visual Studio 2010\Projects\PravekshaUI\PravekshaUI\Release\CL.read.1.tlog
C:\Users\Jayamal De Vas\Documents\Visual Studio 2010\Projects\PravekshaUI\PravekshaUI\Release\CL.write.1.tlog
C:\Users\Jayamal De Vas\Documents\Visual Studio 2010\Projects\PravekshaUI\PravekshaUI\Release\custombuild.command.1.tlog
C:\Users\Jayamal De Vas\Documents\Visual Studio 2010\Projects\PravekshaUI\PravekshaUI\Release\custombuild.read.1.tlog
C:\Users\Jayamal De Vas\Documents\Visual Studio 2010\Projects\PravekshaUI\PravekshaUI\Release\custombuild.write.1.tlog
C:\USERS\JAYAMAL DE VAS\DOCUMENTS\VISUAL STUDIO 2010\PROJECTS\PRAVEKSHAUI\PRAVEKSHAUI\RELEASE\DATABASEHANDLER.OBJ
C:\Users\Jayamal De Vas\Documents\Visual Studio 2010\Projects\PravekshaUI\PravekshaUI\Release\link.command.1.tlog
C:\Users\Jayamal De Vas\Documents\Visual Studio 2010\Projects\PravekshaUI\PravekshaUI\Release\link.read.1.tlog
C:\Users\Jayamal De Vas\Documents\Visual Studio 2010\Projects\PravekshaUI\PravekshaUI\Release\link.write.1.tlog
C:\USERS\JAYAMAL DE VAS\DOCUMENTS\VISUAL STUDIO 2010\PROJECTS\PRAVEKSHAUI\PRAVEKSHAUI\RELEASE\LOGGER.OBJ
C:\USERS\JAYAMAL DE VAS\DOCUMENTS\VISUAL STUDIO 2010\PROJECTS\PRAVEKSHAUI\PRAVEKSHAUI\RELEASE\MAIN.OBJ
C:\USERS\JAYAMAL DE VAS\DOCUMENTS\VISUAL STUDIO 2010\PROJECTS\PRAVEKSHAUI\PRAVEKSHAUI\RELEASE\MAPPER.OBJ
C:\USERS\JAYAMAL DE VAS\DOCUMENTS\VISUAL STUDIO 2010\PROJECTS\PRAVEKSHAUI\PRAVEKSHAUI\RELEASE\MOC_PRAVEKSHA.OBJ
C:\USERS\JAYAMAL DE VAS\DOCUMENTS\VISUAL STUDIO 2010\PROJECTS\PRAVEKSHAUI\PRAVEKSHAUI\RELEASE\MOC_PRAVEKSHAUI.OBJ
C:\Users\Jayamal De Vas\Documents\Visual Studio 2010\Projects\PravekshaUI\PravekshaUI\Release\mt.command.1.tlog
C:\Users\Jayamal De Vas\Documents\Visual Studio 2010\Projects\PravekshaUI\PravekshaUI\Release\mt.read.1.tlog
C:\Users\Jayamal De Vas\Documents\Visual Studio 2010\Projects\PravekshaUI\PravekshaUI\Release\mt.write.1.tlog
C:\USERS\JAYAMAL DE VAS\DOCUMENTS\VISUAL STUDIO 2010\PROJECTS\PRAVEKSHAUI\PRAVEKSHAUI\RELEASE\PRAVEKSHAHANDLER.OBJ
C:\USERS\JAYAMAL DE VAS\DOCUMENTS\VISUAL STUDIO 2010\PROJECTS\PRAVEKSHAUI\PRAVEKSHAUI\RELEASE\PRAVEKSHAUI.EXE.INTERMEDIATE.MANIFEST
C:\USERS\JAYAMAL DE VAS\DOCUMENTS\VISUAL STUDIO 2010\PROJECTS\PRAVEKSHAUI\PRAVEKSHAUI\RELEASE\PRAVEKSHAUI.OBJ
C:\USERS\JAYAMAL DE VAS\DOCUMENTS\VISUAL STUDIO 2010\PROJECTS\PRAVEKSHAUI\PRAVEKSHAUI\RELEASE\QRC_PRAVEKSHAUI.OBJ
C:\USERS\JAYAMAL DE VAS\DOCUMENTS\VISUAL STUDIO 2010\PROJECTS\PRAVEKSHAUI\PRAVEKSHAUI\RELEASE\RULEHANDLER.OBJ
C:\USERS\JAYAMAL DE VAS\DOCUMENTS\VISUAL STUDIO 2010\PROJECTS\PRAVEKSHAUI\PRAVEKSHAUI\RELEASE\SPEEDDETECTOR.OBJ
C:\USERS\JAYAMAL DE VAS\DOCUMENTS\VISUAL STUDIO 2010\PROJECTS\PRAVEKSHAUI\PRAVEKSHAUI\RELEASE\VEHICLEIDENTIFIER.OBJ
C:\USERS\JAYAMAL DE VAS\DOCUMENTS\VISUAL STUDIO 2010\PROJECTS\PRAVEKSHAUI\PRAVEKSHAUI\RELEASE\VEHICLETRACKERCLASS.OBJ
C:\USERS\JAYAMAL DE VAS\DOCUMENTS\VISUAL STUDIO 2010\PROJECTS\PRAVEKSHAUI\PRAVEKSHAUI\RELEASE\WHITELINEDETECTOR.OBJ
C:\USERS\JAYAMAL DE VAS\DOCUMENTS\VISUAL STUDIO 2010\PROJECTS\PRAVEKSHAUI\PRAVEKSHAUI\RELEASE\WRONGLANEDETECTOR.OBJ
C:\USERS\JAYAMAL DE VAS\DOCUMENTS\VISUAL STUDIO 2010\PROJECTS\PRAVEKSHAUI\WIN32\RELEASE\PRAVEKSHAUI.EXE
